make: Warning: File '.u-boot.img.cmd' has modification time 26689 s in the future
  CHK     include/config/uboot.release
  CHK     include/generated/version_autogenerated.h
  CHK     include/generated/timestamp_autogenerated.h
  UPD     include/generated/timestamp_autogenerated.h
make[1]: Warning: File 'include/autoconf.mk' has modification time 26657 s in the future
make[1]: warning:  Clock skew detected.  Your build may be incomplete.
make[1]: Warning: File 'lib/.asm-offsets.s.cmd' has modification time 26658 s in the future
  CHK     include/generated/generic-asm-offsets.h
  CHK     include/generated/asm-offsets.h
make[1]: warning:  Clock skew detected.  Your build may be incomplete.
make[1]: Warning: File 'tools/.zynqmpimage.o.cmd' has modification time 26256 s in the future
make[1]: warning:  Clock skew detected.  Your build may be incomplete.
make[1]: Warning: File 'include/autoconf.mk' has modification time 26657 s in the future
make[1]: warning:  Clock skew detected.  Your build may be incomplete.
make[1]: Warning: File 'arch/arm/cpu/armv7/.syslib.o.cmd' has modification time 26659 s in the future
make[2]: Warning: File 'arch/arm/cpu/armv7/sunxi/.timer.o.cmd' has modification time 26659 s in the future
make[2]: warning:  Clock skew detected.  Your build may be incomplete.
make[1]: warning:  Clock skew detected.  Your build may be incomplete.
make[1]: Warning: File 'arch/arm/lib/.zimage.o.cmd' has modification time 26659 s in the future
make[1]: warning:  Clock skew detected.  Your build may be incomplete.
make[1]: Warning: File 'arch/arm/mach-sunxi/.usb_phy.o.cmd' has modification time 26659 s in the future
make[1]: warning:  Clock skew detected.  Your build may be incomplete.
make[1]: Warning: File 'board/sunxi/.built-in.o.cmd' has modification time 26660 s in the future
make[1]: warning:  Clock skew detected.  Your build may be incomplete.
make[1]: Warning: File 'cmd/.ximg.o.cmd' has modification time 26663 s in the future
make[1]: warning:  Clock skew detected.  Your build may be incomplete.
make[1]: Warning: File 'common/.xyzModem.o.cmd' has modification time 26667 s in the future
make[2]: Warning: File 'common/init/.built-in.o.cmd' has modification time 26662 s in the future
make[2]: warning:  Clock skew detected.  Your build may be incomplete.
make[1]: warning:  Clock skew detected.  Your build may be incomplete.
make[1]: Warning: File 'disk/.part_iso.o.cmd' has modification time 26668 s in the future
make[1]: warning:  Clock skew detected.  Your build may be incomplete.
make[1]: Warning: File 'drivers/.built-in.o.cmd' has modification time 26670 s in the future
make[2]: Warning: File 'include/autoconf.mk' has modification time 26655 s in the future
make[2]: warning:  Clock skew detected.  Your build may be incomplete.
make[2]: Warning: File 'drivers/block/.built-in.o.cmd' has modification time 26668 s in the future
make[2]: warning:  Clock skew detected.  Your build may be incomplete.
make[2]: Warning: File 'drivers/core/.util.o.cmd' has modification time 26668 s in the future
make[2]: warning:  Clock skew detected.  Your build may be incomplete.
make[2]: Warning: File 'drivers/crypto/.built-in.o.cmd' has modification time 26669 s in the future
make[3]: Warning: File 'drivers/crypto/fsl/.sec.o.cmd' has modification time 26669 s in the future
make[3]: warning:  Clock skew detected.  Your build may be incomplete.
make[3]: Warning: File 'include/autoconf.mk' has modification time 26655 s in the future
make[3]: warning:  Clock skew detected.  Your build may be incomplete.
make[2]: warning:  Clock skew detected.  Your build may be incomplete.
make[2]: Warning: File 'include/autoconf.mk' has modification time 26655 s in the future
make[2]: warning:  Clock skew detected.  Your build may be incomplete.
make[2]: Warning: File 'include/autoconf.mk' has modification time 26655 s in the future
make[2]: warning:  Clock skew detected.  Your build may be incomplete.
make[2]: Warning: File 'drivers/input/.keyboard-uclass.o.cmd' has modification time 26669 s in the future
make[2]: warning:  Clock skew detected.  Your build may be incomplete.
make[2]: Warning: File 'include/autoconf.mk' has modification time 26655 s in the future
make[2]: warning:  Clock skew detected.  Your build may be incomplete.
make[2]: Warning: File 'include/autoconf.mk' has modification time 26655 s in the future
make[2]: warning:  Clock skew detected.  Your build may be incomplete.
make[2]: Warning: File 'include/autoconf.mk' has modification time 26655 s in the future
make[2]: warning:  Clock skew detected.  Your build may be incomplete.
make[2]: Warning: File 'drivers/pcmcia/.tqm8xx_pcmcia.o.cmd' has modification time 26669 s in the future
make[2]: warning:  Clock skew detected.  Your build may be incomplete.
make[2]: Warning: File 'include/autoconf.mk' has modification time 26655 s in the future
make[2]: warning:  Clock skew detected.  Your build may be incomplete.
make[2]: Warning: File 'include/autoconf.mk' has modification time 26655 s in the future
make[2]: warning:  Clock skew detected.  Your build may be incomplete.
make[2]: Warning: File 'include/autoconf.mk' has modification time 26655 s in the future
make[2]: warning:  Clock skew detected.  Your build may be incomplete.
make[2]: Warning: File 'drivers/rtc/.date.o.cmd' has modification time 26669 s in the future
make[2]: warning:  Clock skew detected.  Your build may be incomplete.
make[2]: Warning: File 'include/autoconf.mk' has modification time 26655 s in the future
make[2]: warning:  Clock skew detected.  Your build may be incomplete.
make[2]: Warning: File 'include/autoconf.mk' has modification time 26655 s in the future
make[2]: warning:  Clock skew detected.  Your build may be incomplete.
make[2]: Warning: File 'include/autoconf.mk' has modification time 26655 s in the future
make[2]: warning:  Clock skew detected.  Your build may be incomplete.
make[2]: Warning: File 'include/autoconf.mk' has modification time 26655 s in the future
make[2]: warning:  Clock skew detected.  Your build may be incomplete.
make[2]: Warning: File 'include/autoconf.mk' has modification time 26655 s in the future
make[2]: warning:  Clock skew detected.  Your build may be incomplete.
make[2]: Warning: File 'include/autoconf.mk' has modification time 26655 s in the future
make[2]: warning:  Clock skew detected.  Your build may be incomplete.
make[2]: Warning: File 'include/autoconf.mk' has modification time 26655 s in the future
make[2]: warning:  Clock skew detected.  Your build may be incomplete.
make[2]: Warning: File 'include/autoconf.mk' has modification time 26655 s in the future
make[2]: warning:  Clock skew detected.  Your build may be incomplete.
make[2]: Warning: File 'drivers/video/.videomodes.o.cmd' has modification time 26669 s in the future
make[3]: Warning: File 'include/autoconf.mk' has modification time 26655 s in the future
make[3]: warning:  Clock skew detected.  Your build may be incomplete.
make[2]: warning:  Clock skew detected.  Your build may be incomplete.
make[2]: Warning: File 'include/autoconf.mk' has modification time 26654 s in the future
make[2]: warning:  Clock skew detected.  Your build may be incomplete.
make[1]: warning:  Clock skew detected.  Your build may be incomplete.
make[1]: Warning: File 'include/autoconf.mk' has modification time 26654 s in the future
make[1]: warning:  Clock skew detected.  Your build may be incomplete.
make[1]: Warning: File 'drivers/gpio/.sunxi_gpio.o.cmd' has modification time 26669 s in the future
make[1]: warning:  Clock skew detected.  Your build may be incomplete.
make[1]: Warning: File 'include/autoconf.mk' has modification time 26654 s in the future
make[1]: warning:  Clock skew detected.  Your build may be incomplete.
make[1]: Warning: File 'drivers/mmc/.sunxi_mmc.o.cmd' has modification time 26670 s in the future
make[1]: warning:  Clock skew detected.  Your build may be incomplete.
make[1]: Warning: File 'drivers/mtd/.mtdcore.o.cmd' has modification time 26670 s in the future
make[1]: warning:  Clock skew detected.  Your build may be incomplete.
make[1]: Warning: File 'include/autoconf.mk' has modification time 26654 s in the future
make[1]: warning:  Clock skew detected.  Your build may be incomplete.
make[1]: Warning: File 'drivers/mtd/spi/.spi_flash_ids.o.cmd' has modification time 26670 s in the future
make[1]: warning:  Clock skew detected.  Your build may be incomplete.
make[1]: Warning: File 'drivers/net/.sun8i_emac.o.cmd' has modification time 26671 s in the future
make[1]: warning:  Clock skew detected.  Your build may be incomplete.
make[1]: Warning: File 'drivers/net/phy/.phy.o.cmd' has modification time 26671 s in the future
make[1]: warning:  Clock skew detected.  Your build may be incomplete.
make[1]: Warning: File 'include/autoconf.mk' has modification time 26654 s in the future
make[1]: warning:  Clock skew detected.  Your build may be incomplete.
make[1]: Warning: File 'include/autoconf.mk' has modification time 26654 s in the future
make[1]: warning:  Clock skew detected.  Your build may be incomplete.
make[1]: Warning: File 'include/autoconf.mk' has modification time 26654 s in the future
make[1]: warning:  Clock skew detected.  Your build may be incomplete.
make[1]: Warning: File 'include/autoconf.mk' has modification time 26654 s in the future
make[1]: warning:  Clock skew detected.  Your build may be incomplete.
make[1]: Warning: File 'include/autoconf.mk' has modification time 26654 s in the future
make[1]: warning:  Clock skew detected.  Your build may be incomplete.
make[1]: Warning: File 'include/autoconf.mk' has modification time 26654 s in the future
make[1]: warning:  Clock skew detected.  Your build may be incomplete.
make[1]: Warning: File 'include/autoconf.mk' has modification time 26654 s in the future
make[1]: warning:  Clock skew detected.  Your build may be incomplete.
make[1]: Warning: File 'include/autoconf.mk' has modification time 26654 s in the future
make[1]: warning:  Clock skew detected.  Your build may be incomplete.
make[1]: Warning: File 'drivers/serial/.serial-uclass.o.cmd' has modification time 26671 s in the future
make[1]: warning:  Clock skew detected.  Your build may be incomplete.
make[1]: Warning: File 'drivers/spi/.sunxi_spi.o.cmd' has modification time 26671 s in the future
make[1]: warning:  Clock skew detected.  Your build may be incomplete.
make[1]: Warning: File 'drivers/usb/common/.common.o.cmd' has modification time 26671 s in the future
make[1]: warning:  Clock skew detected.  Your build may be incomplete.
make[1]: Warning: File 'include/autoconf.mk' has modification time 26654 s in the future
make[1]: warning:  Clock skew detected.  Your build may be incomplete.
make[1]: Warning: File 'include/autoconf.mk' has modification time 26654 s in the future
make[1]: warning:  Clock skew detected.  Your build may be incomplete.
make[1]: Warning: File 'include/autoconf.mk' has modification time 26654 s in the future
make[1]: warning:  Clock skew detected.  Your build may be incomplete.
make[1]: Warning: File 'include/autoconf.mk' has modification time 26654 s in the future
make[1]: warning:  Clock skew detected.  Your build may be incomplete.
make[1]: Warning: File 'include/autoconf.mk' has modification time 26654 s in the future
make[1]: warning:  Clock skew detected.  Your build may be incomplete.
make[1]: Warning: File 'drivers/usb/host/.usb-uclass.o.cmd' has modification time 26671 s in the future
make[1]: warning:  Clock skew detected.  Your build may be incomplete.
make[1]: Warning: File 'include/autoconf.mk' has modification time 26654 s in the future
make[1]: warning:  Clock skew detected.  Your build may be incomplete.
make[1]: Warning: File 'include/autoconf.mk' has modification time 26654 s in the future
make[1]: warning:  Clock skew detected.  Your build may be incomplete.
make[1]: Warning: File 'include/autoconf.mk' has modification time 26654 s in the future
make[1]: warning:  Clock skew detected.  Your build may be incomplete.
make[1]: Warning: File 'include/autoconf.mk' has modification time 26654 s in the future
make[1]: warning:  Clock skew detected.  Your build may be incomplete.
make[1]: Warning: File 'fs/.fs.o.cmd' has modification time 26671 s in the future
make[2]: Warning: File 'fs/ext4/.ext4fs.o.cmd' has modification time 26671 s in the future
make[2]: warning:  Clock skew detected.  Your build may be incomplete.
make[2]: Warning: File 'fs/fat/.file.o.cmd' has modification time 26672 s in the future
make[2]: warning:  Clock skew detected.  Your build may be incomplete.
make[1]: warning:  Clock skew detected.  Your build may be incomplete.
make[1]: Warning: File 'lib/.vsprintf.o.cmd' has modification time 26675 s in the future
make[2]: Warning: File 'lib/efi_loader/.efi_smbios.o.cmd' has modification time 26673 s in the future
  CC      lib/efi_loader/helloworld.o
make[2]: warning:  Clock skew detected.  Your build may be incomplete.
make[2]: Warning: File 'lib/libfdt/.fdt_wip.o.cmd' has modification time 26271 s in the future
make[2]: warning:  Clock skew detected.  Your build may be incomplete.
make[2]: Warning: File 'lib/zlib/.zlib.o.cmd' has modification time 26672 s in the future
make[2]: warning:  Clock skew detected.  Your build may be incomplete.
make[1]: warning:  Clock skew detected.  Your build may be incomplete.
make[1]: Warning: File 'net/.tftp.o.cmd' has modification time 26675 s in the future
make[1]: warning:  Clock skew detected.  Your build may be incomplete.
make[1]: Warning: File 'include/autoconf.mk' has modification time 26652 s in the future
make[1]: warning:  Clock skew detected.  Your build may be incomplete.
make[1]: Warning: File 'test/dm/.cmd_dm.o.cmd' has modification time 26675 s in the future
make[1]: warning:  Clock skew detected.  Your build may be incomplete.
make[1]: Warning: File 'include/autoconf.mk' has modification time 26652 s in the future
make[2]: Warning: File 'examples/standalone/.stubs.o.cmd' has modification time 26675 s in the future
make[2]: warning:  Clock skew detected.  Your build may be incomplete.
make[1]: warning:  Clock skew detected.  Your build may be incomplete.
readelf: Error: u-boot: Failed to read file's magic number
u-boot contains unexpected relocations: 
Makefile:1369: recipe for target 'checkarmreloc' failed
make: *** [checkarmreloc] Error 1
